Arguments: 
  /Users/pedrom/.fnm/node-versions/v16.12.0/installation/bin/node /usr/local/Cellar/yarn/1.22.17_2/libexec/bin/yarn.js init

PATH: 
  /Users/pedrom/.pyenv/shims:/usr/local/opt/bison/bin:/Users/pedrom/.sdkman/candidates/java/current/bin:/Users/pedrom/Downloads/google-cloud-sdk/bin:/var/folders/j6/z7nd47fd2cv7tplvw7tthmtc0000gq/T/fnm_multishells/84619_1659346456368/bin:/Users/pedrom/bin:/usr/local/bin:/usr/local/bin:/usr/bin:/bin:/usr/sbin:/sbin:/Library/TeX/texbin:/Library/Apple/usr/bin:/Users/pedrom/.fig/bin:/Users/pedrom/.local/bin:/usr/local/bin:./node_modules/.bin:/Users/pedrom/.rvm/bin

Yarn version: 
  1.22.17

Node version: 
  16.12.0

Platform: 
  darwin x64

Trace: 
  Error: canceled
      at Interface.<anonymous> (/usr/local/Cellar/yarn/1.22.17_2/libexec/lib/cli.js:137143:13)
      at Interface.emit (node:events:390:28)
      at Interface._ttyWrite (node:readline:1081:16)
      at ReadStream.onkeypress (node:readline:288:10)
      at ReadStream.emit (node:events:390:28)
      at emitKeys (node:internal/readline/utils:358:14)
      at emitKeys.next (<anonymous>)
      at ReadStream.onData (node:internal/readline/emitKeypressEvents:61:36)
      at ReadStream.emit (node:events:390:28)
      at addChunk (node:internal/streams/readable:315:12)

npm manifest: 
  No manifest

yarn manifest: 
  No manifest

Lockfile: 
  No lockfile
